<?xml version="1.0" encoding="UTF-8"?>
<!-- Generated by org.testng.reporters.JUnitReportReporter -->
<testsuite hostname="KAYCEES-YOGA" failures="0" tests="3" name="scripts._01_Cars_Test" time="47.996" errors="0" timestamp="2022-06-07T13:15:30 CDT" skipped="0">
  <testcase classname="scripts._01_Cars_Test" name="validateSignInForm" time="11.198"/>
  <system-out/>
  <testcase classname="scripts._01_Cars_Test" name="validateSocialMediaSection" time="13.114"/>
  <system-out/>
  <testcase classname="scripts._01_Cars_Test" name="validateInvalidCredentials" time="23.684"/>
  <system-out/>
</testsuite> <!-- scripts._01_Cars_Test -->
